=== puma startup: 2016-04-28 05:22:31 -0300 ===
=== puma startup: 2016-04-28 05:26:27 -0300 ===
=== puma startup: 2016-04-28 05:26:31 -0300 ===
=== puma startup: 2016-04-28 05:32:18 -0300 ===
=== puma startup: 2016-04-28 05:32:30 -0300 ===
=== puma startup: 2016-04-28 05:35:48 -0300 ===
=== puma startup: 2016-04-30 18:35:50 -0300 ===
/Users/eczerega/.rvm/gems/ruby-2.2.1/gems/rack-1.6.4/lib/rack/server.rb:355:in `delete': No such file or directory @ unlink_internal - /Users/eczerega/Desktop/taleer/appname/tmp/pids/server.pid (Errno::ENOENT)
	from /Users/eczerega/.rvm/gems/ruby-2.2.1/gems/rack-1.6.4/lib/rack/server.rb:355:in `block in write_pid'
	from /Users/eczerega/.rvm/gems/ruby-2.2.1/gems/puma-3.4.0/lib/puma/cluster.rb:120:in `fork'
	from /Users/eczerega/.rvm/gems/ruby-2.2.1/gems/puma-3.4.0/lib/puma/cluster.rb:120:in `block in spawn_workers'
	from /Users/eczerega/.rvm/gems/ruby-2.2.1/gems/puma-3.4.0/lib/puma/cluster.rb:116:in `times'
	from /Users/eczerega/.rvm/gems/ruby-2.2.1/gems/puma-3.4.0/lib/puma/cluster.rb:116:in `spawn_workers'
	from /Users/eczerega/.rvm/gems/ruby-2.2.1/gems/puma-3.4.0/lib/puma/cluster.rb:424:in `run'
	from /Users/eczerega/.rvm/gems/ruby-2.2.1/gems/puma-3.4.0/lib/puma/launcher.rb:172:in `run'
	from /Users/eczerega/.rvm/gems/ruby-2.2.1/gems/puma-3.4.0/lib/rack/handler/puma.rb:51:in `run'
	from /Users/eczerega/.rvm/gems/ruby-2.2.1/gems/rack-1.6.4/lib/rack/server.rb:286:in `start'
	from /Users/eczerega/.rvm/gems/ruby-2.2.1/gems/railties-4.2.6/lib/rails/commands/server.rb:80:in `start'
	from /Users/eczerega/.rvm/gems/ruby-2.2.1/gems/railties-4.2.6/lib/rails/commands/commands_tasks.rb:80:in `block in server'
	from /Users/eczerega/.rvm/gems/ruby-2.2.1/gems/railties-4.2.6/lib/rails/commands/commands_tasks.rb:75:in `tap'
	from /Users/eczerega/.rvm/gems/ruby-2.2.1/gems/railties-4.2.6/lib/rails/commands/commands_tasks.rb:75:in `server'
	from /Users/eczerega/.rvm/gems/ruby-2.2.1/gems/railties-4.2.6/lib/rails/commands/commands_tasks.rb:39:in `run_command!'
	from /Users/eczerega/.rvm/gems/ruby-2.2.1/gems/railties-4.2.6/lib/rails/commands.rb:17:in `<top (required)>'
	from /Users/eczerega/Desktop/taleer/appname/bin/rails:9:in `require'
	from /Users/eczerega/Desktop/taleer/appname/bin/rails:9:in `<top (required)>'
	from /Users/eczerega/.rvm/gems/ruby-2.2.1/gems/spring-1.7.1/lib/spring/client/rails.rb:28:in `load'
	from /Users/eczerega/.rvm/gems/ruby-2.2.1/gems/spring-1.7.1/lib/spring/client/rails.rb:28:in `call'
	from /Users/eczerega/.rvm/gems/ruby-2.2.1/gems/spring-1.7.1/lib/spring/client/command.rb:7:in `call'
	from /Users/eczerega/.rvm/gems/ruby-2.2.1/gems/spring-1.7.1/lib/spring/client.rb:30:in `run'
	from /Users/eczerega/.rvm/gems/ruby-2.2.1/gems/spring-1.7.1/bin/spring:49:in `<top (required)>'
	from /Users/eczerega/.rvm/gems/ruby-2.2.1/gems/spring-1.7.1/lib/spring/binstub.rb:11:in `load'
	from /Users/eczerega/.rvm/gems/ruby-2.2.1/gems/spring-1.7.1/lib/spring/binstub.rb:11:in `<top (required)>'
	from /Users/eczerega/Desktop/taleer/appname/bin/spring:13:in `require'
	from /Users/eczerega/Desktop/taleer/appname/bin/spring:13:in `<top (required)>'
	from bin/rails:3:in `load'
	from bin/rails:3:in `<main>'
=== puma startup: 2016-04-30 19:21:45 -0300 ===
/Users/eczerega/.rvm/gems/ruby-2.2.1/gems/rack-1.6.4/lib/rack/server.rb:355:in `delete': No such file or directory @ unlink_internal - /Users/eczerega/Desktop/taleer/appname/tmp/pids/server.pid (Errno::ENOENT)
	from /Users/eczerega/.rvm/gems/ruby-2.2.1/gems/rack-1.6.4/lib/rack/server.rb:355:in `block in write_pid'
	from /Users/eczerega/.rvm/gems/ruby-2.2.1/gems/puma-3.4.0/lib/puma/cluster.rb:120:in `fork'
	from /Users/eczerega/.rvm/gems/ruby-2.2.1/gems/puma-3.4.0/lib/puma/cluster.rb:120:in `block in spawn_workers'
	from /Users/eczerega/.rvm/gems/ruby-2.2.1/gems/puma-3.4.0/lib/puma/cluster.rb:116:in `times'
	from /Users/eczerega/.rvm/gems/ruby-2.2.1/gems/puma-3.4.0/lib/puma/cluster.rb:116:in `spawn_workers'
	from /Users/eczerega/.rvm/gems/ruby-2.2.1/gems/puma-3.4.0/lib/puma/cluster.rb:424:in `run'
	from /Users/eczerega/.rvm/gems/ruby-2.2.1/gems/puma-3.4.0/lib/puma/launcher.rb:172:in `run'
	from /Users/eczerega/.rvm/gems/ruby-2.2.1/gems/puma-3.4.0/lib/rack/handler/puma.rb:51:in `run'
	from /Users/eczerega/.rvm/gems/ruby-2.2.1/gems/rack-1.6.4/lib/rack/server.rb:286:in `start'
	from /Users/eczerega/.rvm/gems/ruby-2.2.1/gems/railties-4.2.6/lib/rails/commands/server.rb:80:in `start'
	from /Users/eczerega/.rvm/gems/ruby-2.2.1/gems/railties-4.2.6/lib/rails/commands/commands_tasks.rb:80:in `block in server'
	from /Users/eczerega/.rvm/gems/ruby-2.2.1/gems/railties-4.2.6/lib/rails/commands/commands_tasks.rb:75:in `tap'
	from /Users/eczerega/.rvm/gems/ruby-2.2.1/gems/railties-4.2.6/lib/rails/commands/commands_tasks.rb:75:in `server'
	from /Users/eczerega/.rvm/gems/ruby-2.2.1/gems/railties-4.2.6/lib/rails/commands/commands_tasks.rb:39:in `run_command!'
	from /Users/eczerega/.rvm/gems/ruby-2.2.1/gems/railties-4.2.6/lib/rails/commands.rb:17:in `<top (required)>'
	from /Users/eczerega/Desktop/taleer/appname/bin/rails:9:in `require'
	from /Users/eczerega/Desktop/taleer/appname/bin/rails:9:in `<top (required)>'
	from /Users/eczerega/.rvm/gems/ruby-2.2.1/gems/spring-1.7.1/lib/spring/client/rails.rb:28:in `load'
	from /Users/eczerega/.rvm/gems/ruby-2.2.1/gems/spring-1.7.1/lib/spring/client/rails.rb:28:in `call'
	from /Users/eczerega/.rvm/gems/ruby-2.2.1/gems/spring-1.7.1/lib/spring/client/command.rb:7:in `call'
	from /Users/eczerega/.rvm/gems/ruby-2.2.1/gems/spring-1.7.1/lib/spring/client.rb:30:in `run'
	from /Users/eczerega/.rvm/gems/ruby-2.2.1/gems/spring-1.7.1/bin/spring:49:in `<top (required)>'
	from /Users/eczerega/.rvm/gems/ruby-2.2.1/gems/spring-1.7.1/lib/spring/binstub.rb:11:in `load'
	from /Users/eczerega/.rvm/gems/ruby-2.2.1/gems/spring-1.7.1/lib/spring/binstub.rb:11:in `<top (required)>'
	from /Users/eczerega/Desktop/taleer/appname/bin/spring:13:in `require'
	from /Users/eczerega/Desktop/taleer/appname/bin/spring:13:in `<top (required)>'
	from bin/rails:3:in `load'
	from bin/rails:3:in `<main>'
